Not Found: /home
Forbidden (CSRF token missing or incorrect.): /User/login
Not Found: /favicon.ico
Forbidden (CSRF token missing or incorrect.): /User/login
Internal Server Error: /Addhouse/
Traceback (most recent call last):
  File "/home/alwammwb/virtualenv/billmanagementsystem/3.8/lib/python3.8/site-packages/django/core/handlers/exception.py", line 47, in inner
    response = get_response(request)
  File "/home/alwammwb/virtualenv/billmanagementsystem/3.8/lib/python3.8/site-packages/django/core/handlers/base.py", line 181, in _get_response
    response = wrapped_callback(request, *callback_args, **callback_kwargs)
  File "/home/alwammwb/virtualenv/billmanagementsystem/3.8/lib/python3.8/site-packages/django/views/generic/base.py", line 70, in view
    return self.dispatch(request, *args, **kwargs)
  File "/home/alwammwb/virtualenv/billmanagementsystem/3.8/lib/python3.8/site-packages/django/views/generic/base.py", line 98, in dispatch
    return handler(request, *args, **kwargs)
  File "/home/alwammwb/billmanagementsystem/Area/views.py", line 49, in get
    if request.user.role == 'Admin' or request.user.is_superuser:
  File "/home/alwammwb/virtualenv/billmanagementsystem/3.8/lib/python3.8/site-packages/django/utils/functional.py", line 247, in inner
    return func(self._wrapped, *args)
AttributeError: 'AnonymousUser' object has no attribute 'role'
'import site' failed; use -v for traceback
  File "manage.py", line 17
    ) from exc
         ^
SyntaxError: invalid syntax
Not Found: /User/static/css/logo_icon.ico
Admin
Not Found: /User/static/css/logo_icon.ico
Not Found: /favicon.ico
1
123123
2023-09-25 00:31:39.633351+00:00
True
1
123123
2023-09-25 00:31:39.636965+00:00
2
1
2023-09-25 00:31:39.638850+00:00
True
2
1
2023-09-25 00:31:39.640657+00:00
3
23
2023-09-25 00:31:39.644188+00:00
True
3
23
2023-09-25 00:31:39.646274+00:00
Admin
Admin
None None None
12345678
Internal Server Error: /blocks/A
Traceback (most recent call last):
  File "/home/alwammwb/virtualenv/billmanagementsystem/3.8/lib/python3.8/site-packages/django/core/handlers/exception.py", line 47, in inner
    response = get_response(request)
  File "/home/alwammwb/virtualenv/billmanagementsystem/3.8/lib/python3.8/site-packages/django/core/handlers/base.py", line 181, in _get_response
    response = wrapped_callback(request, *callback_args, **callback_kwargs)
  File "/home/alwammwb/virtualenv/billmanagementsystem/3.8/lib/python3.8/site-packages/django/views/generic/base.py", line 70, in view
    return self.dispatch(request, *args, **kwargs)
  File "/home/alwammwb/virtualenv/billmanagementsystem/3.8/lib/python3.8/site-packages/django/views/generic/base.py", line 98, in dispatch
    return handler(request, *args, **kwargs)
  File "/home/alwammwb/billmanagementsystem/Area/views.py", line 175, in get
    if request.user.role == 'Meter Reader':
  File "/home/alwammwb/virtualenv/billmanagementsystem/3.8/lib/python3.8/site-packages/django/utils/functional.py", line 247, in inner
    return func(self._wrapped, *args)
AttributeError: 'AnonymousUser' object has no attribute 'role'
3434
None None None
None None None
A  
A  
 M 
  MR
Invalid HTTP_HOST header: 'www.alwahabgarden.host'. You may need to add 'www.alwahabgarden.host' to ALLOWED_HOSTS.
Bad Request: /robots.txt
Invalid HTTP_HOST header: 'www.alwahabgarden.host'. You may need to add 'www.alwahabgarden.host' to ALLOWED_HOSTS.
Bad Request: /
Invalid HTTP_HOST header: 'www.alwahabgarden.host'. You may need to add 'www.alwahabgarden.host' to ALLOWED_HOSTS.
Bad Request: /
Not Found: /robots.txt
Forbidden (CSRF token missing or incorrect.): /User/login
Not Found: /favicon.ico
Forbidden (CSRF token missing or incorrect.): /User/login
1
123123
2023-09-25 08:51:46.170487+00:00
True
1
123123
2023-09-25 08:51:46.173186+00:00
2
1
2023-09-25 08:51:46.174823+00:00
True
2
1
2023-09-25 08:51:46.176245+00:00
3
23
2023-09-25 08:51:46.177726+00:00
True
3
23
2023-09-25 08:51:46.179223+00:00
4
12345678
2023-09-25 08:51:46.180681+00:00
True
4
12345678
2023-09-25 08:51:46.182084+00:00
5
3434
2023-09-25 08:51:46.183591+00:00
True
5
3434
2023-09-25 08:51:46.184981+00:00
None None None
Not Found: /User/static/css/logo_icon.ico
 M 
  MR
1
123123
2023-09-25 08:53:16.722310+00:00
True
1
123123
2023-09-25 08:53:16.725624+00:00
1
123123
2023-09-25 08:54:43.673812+00:00
True
1
123123
2023-09-25 08:54:43.678664+00:00
OSError: LSAPI: Socket read/write error
Not Found: /charges/static/css/logo_icon.ico
Not Found: /User/static/css/logo_icon.ico
A  
Admin
None None None
 M 
  MR
A  
Not Found: /favicon.ico
1
123123
2023-09-25 09:08:38.878459+00:00
True
1
123123
2023-09-25 09:08:38.883241+00:00
1
123123
2023-09-25 09:08:44.625710+00:00
True
1
123123
2023-09-25 09:08:44.628911+00:00
1
123123
2023-09-25 09:09:02.799539+00:00
True
1
123123
2023-09-25 09:09:02.802097+00:00
1
123123
2023-09-25 09:09:37.318421+00:00
True
1
123123
2023-09-25 09:09:37.322038+00:00
Not Found: /User/
Not Found: /User
Not Found: /favicon.ico
Not Found: /favicon.ico
Invalid HTTP_HOST header: 'www.alwahabgarden.host'. You may need to add 'www.alwahabgarden.host' to ALLOWED_HOSTS.
Bad Request: /
Invalid HTTP_HOST header: 'www.alwahabgarden.host'. You may need to add 'www.alwahabgarden.host' to ALLOWED_HOSTS.
Bad Request: /
Not Found: /.env
Invalid HTTP_HOST header: 'www.alwahabgarden.host'. You may need to add 'www.alwahabgarden.host' to ALLOWED_HOSTS.
Bad Request: /
Invalid HTTP_HOST header: 'www.alwahabgarden.host'. You may need to add 'www.alwahabgarden.host' to ALLOWED_HOSTS.
Bad Request: /
Invalid HTTP_HOST header: 'www.alwahabgarden.host'. You may need to add 'www.alwahabgarden.host' to ALLOWED_HOSTS.
Bad Request: /
OSError: LSAPI: Socket read/write error
1
123123
2023-09-25 20:17:05.350065+00:00
True
1
123123
2023-09-25 20:17:05.360352+00:00
Invalid HTTP_HOST header: 'www.alwahabgarden.host'. You may need to add 'www.alwahabgarden.host' to ALLOWED_HOSTS.
Bad Request: /
Not Found: /wordpress
Not Found: /Wordpress
Not Found: /WORDPRESS
Not Found: /WordPress
Not Found: /wp
Not Found: /Wp
Not Found: /WP
Not Found: /old
Not Found: /Old
Not Found: /OLD
Not Found: /oldsite
Not Found: /new
Not Found: /New
Not Found: /NEW
Not Found: /wp-old
Not Found: /2022
Not Found: /2020
Not Found: /2019
Not Found: /2018
Not Found: /backup
Not Found: /test
Not Found: /Test
Not Found: /TEST
Not Found: /demo
Not Found: /bc
Not Found: /www
Not Found: /WWW
Not Found: /Www
Not Found: /2021
Not Found: /main
Not Found: /old-site
Not Found: /bk
Not Found: /Backup
Not Found: /BACKUP
Not Found: /SHOP
Not Found: /Shop
Not Found: /shop
Not Found: /bak
Not Found: /sitio
Not Found: /bac
Not Found: /sito
Not Found: /site
Not Found: /Site
Not Found: /SITE
Not Found: /blog
Not Found: /BLOG
Not Found: /Blog
Invalid HTTP_HOST header: 'www.alwahabgarden.host'. You may need to add 'www.alwahabgarden.host' to ALLOWED_HOSTS.
Bad Request: /robots.txt
Invalid HTTP_HOST header: 'www.alwahabgarden.host'. You may need to add 'www.alwahabgarden.host' to ALLOWED_HOSTS.
Bad Request: /
Invalid HTTP_HOST header: 'www.alwahabgarden.host'. You may need to add 'www.alwahabgarden.host' to ALLOWED_HOSTS.
Bad Request: /
Not Found: /robots.txt
None None None
 M 
  MR
Invalid HTTP_HOST header: 'www.alwahabgarden.host'. You may need to add 'www.alwahabgarden.host' to ALLOWED_HOSTS.
Bad Request: /
Not Found: /User/static/css/logo_icon.ico
Not Found: /charges/static/css/logo_icon.ico
'import site' failed; use -v for traceback
  File "manage.py", line 17
    ) from exc
         ^
SyntaxError: invalid syntax
'import site' failed; use -v for traceback
  File "manage.py", line 17
    ) from exc
         ^
SyntaxError: invalid syntax
'import site' failed; use -v for traceback
  File "manage.py", line 17
    ) from exc
         ^
SyntaxError: invalid syntax
None None None
Admin
None None None
1
123123
2023-09-26 09:51:02.134781+00:00
True
1
123123
2023-09-26 09:51:02.156119+00:00
1
123123
2023-09-26 09:51:02.986815+00:00
True
1
123123
2023-09-26 09:51:02.990051+00:00
1
123123
2023-09-26 09:51:03.231560+00:00
True
1
123123
2023-09-26 09:51:03.233937+00:00
None None None
1
123123
2023-09-26 09:51:39.739122+00:00
True
1
123123
2023-09-26 09:51:39.742653+00:00
'import site' failed; use -v for traceback
  File "manage.py", line 17
    ) from exc
         ^
SyntaxError: invalid syntax
Not Found: /favicon.ico
1
123123
2023-09-26 09:55:47.504688+00:00
True
1
123123
2023-09-26 09:55:47.510298+00:00
Admin
None None None
A  
None None None
1
123123
2023-09-26 09:59:38.518847+00:00
True
1
123123
2023-09-26 09:59:38.524761+00:00
Admin
345
361
357
01
04
05
29
17-2
17
18
20
1
123123
2023-09-26 10:23:05.892036+00:00
True
1
123123
2023-09-26 10:23:05.897170+00:00
8
357
2023-09-26 10:23:05.899961+00:00
True
8
357
2023-09-26 10:23:05.902410+00:00
7
361
2023-09-26 10:23:05.904448+00:00
True
7
361
2023-09-26 10:23:05.930635+00:00
6
345
2023-09-26 10:23:05.933470+00:00
True
6
345
2023-09-26 10:23:05.936583+00:00
9
01
2023-09-26 10:23:05.939352+00:00
True
9
01
2023-09-26 10:23:05.942037+00:00
10
04
2023-09-26 10:23:05.944738+00:00
True
10
04
2023-09-26 10:23:05.947442+00:00
11
05
2023-09-26 10:23:05.950158+00:00
True
11
05
2023-09-26 10:23:05.952675+00:00
12
29
2023-09-26 10:23:05.955035+00:00
True
12
29
2023-09-26 10:23:05.957333+00:00
13
17-2
2023-09-26 10:23:05.959555+00:00
True
13
17-2
2023-09-26 10:23:05.961686+00:00
14
17
2023-09-26 10:23:05.963850+00:00
True
14
17
2023-09-26 10:23:05.966163+00:00
15
18
2023-09-26 10:23:05.968608+00:00
True
15
18
2023-09-26 10:23:05.971126+00:00
16
20
2023-09-26 10:23:05.973459+00:00
True
16
20
2023-09-26 10:23:05.975963+00:00
22
1
123123
2023-09-26 10:26:16.618757+00:00
True
1
123123
2023-09-26 10:26:16.622762+00:00
8
357
2023-09-26 10:26:16.625569+00:00
True
8
357
2023-09-26 10:26:16.627629+00:00
7
361
2023-09-26 10:26:16.630640+00:00
True
7
361
2023-09-26 10:26:16.644274+00:00
6
345
2023-09-26 10:26:16.647704+00:00
True
6
345
2023-09-26 10:26:16.651579+00:00
9
01
2023-09-26 10:26:16.653927+00:00
True
9
01
2023-09-26 10:26:16.656064+00:00
10
04
2023-09-26 10:26:16.659493+00:00
True
10
04
2023-09-26 10:26:16.661511+00:00
11
05
2023-09-26 10:26:16.663332+00:00
True
11
05
2023-09-26 10:26:16.665119+00:00
12
29
2023-09-26 10:26:16.666805+00:00
True
12
29
2023-09-26 10:26:16.669490+00:00
13
17-2
2023-09-26 10:26:16.671486+00:00
True
13
17-2
2023-09-26 10:26:16.673354+00:00
14
17
2023-09-26 10:26:16.675340+00:00
True
14
17
2023-09-26 10:26:16.688283+00:00
15
18
2023-09-26 10:26:16.690505+00:00
True
15
18
2023-09-26 10:26:16.693433+00:00
16
20
2023-09-26 10:26:16.695473+00:00
True
16
20
2023-09-26 10:26:16.697272+00:00
17
22
2023-09-26 10:26:16.698998+00:00
True
17
22
2023-09-26 10:26:16.700647+00:00
Admin
None None None
21
37
39
43
40
44
46
35
33
49
30/A
30
69
Invalid HTTP_HOST header: 'www.alwahabgarden.host'. You may need to add 'www.alwahabgarden.host' to ALLOWED_HOSTS.
Bad Request: /
Invalid HTTP_HOST header: 'www.alwahabgarden.host'. You may need to add 'www.alwahabgarden.host' to ALLOWED_HOSTS.
Bad Request: /
68
56
55
1
123123
2023-09-26 10:47:09.149440+00:00
True
1
123123
2023-09-26 10:47:09.152476+00:00
8
357
2023-09-26 10:47:09.154487+00:00
True
8
357
2023-09-26 10:47:09.156392+00:00
7
361
2023-09-26 10:47:09.158352+00:00
True
7
361
2023-09-26 10:47:09.160256+00:00
6
345
2023-09-26 10:47:09.162149+00:00
True
6
345
2023-09-26 10:47:09.164030+00:00
9
01
2023-09-26 10:47:09.165807+00:00
True
9
01
2023-09-26 10:47:09.167628+00:00
10
04
2023-09-26 10:47:09.169475+00:00
True
10
04
2023-09-26 10:47:09.171349+00:00
11
05
2023-09-26 10:47:09.173361+00:00
True
11
05
2023-09-26 10:47:09.175609+00:00
12
29
2023-09-26 10:47:09.178066+00:00
True
12
29
2023-09-26 10:47:09.180517+00:00
13
17-2
2023-09-26 10:47:09.182909+00:00
True
13
17-2
2023-09-26 10:47:09.185749+00:00
14
17
2023-09-26 10:47:09.188152+00:00
True
14
17
2023-09-26 10:47:09.190963+00:00
15
18
2023-09-26 10:47:09.193791+00:00
True
15
18
2023-09-26 10:47:09.196536+00:00
16
20
2023-09-26 10:47:09.199158+00:00
True
16
20
2023-09-26 10:47:09.201825+00:00
17
None
17
18
21
2023-09-26 10:47:09.209053+00:00
True
18
21
2023-09-26 10:47:09.211585+00:00
19
37
2023-09-26 10:47:09.214046+00:00
True
19
37
2023-09-26 10:47:09.216503+00:00
20
39
2023-09-26 10:47:09.219037+00:00
True
20
39
2023-09-26 10:47:09.221548+00:00
21
43-2
2023-09-26 10:47:09.224148+00:00
True
21
43-2
2023-09-26 10:47:09.226187+00:00
22
40-2
2023-09-26 10:47:09.228290+00:00
True
22
40-2
2023-09-26 10:47:09.230113+00:00
23
44
2023-09-26 10:47:09.231833+00:00
True
23
44
2023-09-26 10:47:09.233549+00:00
24
46
2023-09-26 10:47:09.235675+00:00
True
24
46
2023-09-26 10:47:09.238263+00:00
25
35
2023-09-26 10:47:09.240594+00:00
True
25
35
2023-09-26 10:47:09.243072+00:00
26
33-2
2023-09-26 10:47:09.252434+00:00
True
26
33-2
2023-09-26 10:47:09.256110+00:00
27
49
2023-09-26 10:47:09.259431+00:00
True
27
49
2023-09-26 10:47:09.262259+00:00
28
30/A
2023-09-26 10:47:09.265091+00:00
True
28
30/A
2023-09-26 10:47:09.268591+00:00
29
30-2
2023-09-26 10:47:09.271300+00:00
True
29
30-2
2023-09-26 10:47:09.274009+00:00
30
69
2023-09-26 10:47:09.276592+00:00
True
30
69
2023-09-26 10:47:09.279108+00:00
31
68
2023-09-26 10:47:09.281593+00:00
True
31
68
2023-09-26 10:47:09.284158+00:00
32
56
2023-09-26 10:47:09.286764+00:00
True
32
56
2023-09-26 10:47:09.289258+00:00
33
55-2
2023-09-26 10:47:09.291783+00:00
True
33
55-2
2023-09-26 10:47:09.294358+00:00
Invalid HTTP_HOST header: 'www.alwahabgarden.host'. You may need to add 'www.alwahabgarden.host' to ALLOWED_HOSTS.
Bad Request: /robots.txt
Invalid HTTP_HOST header: 'www.alwahabgarden.host'. You may need to add 'www.alwahabgarden.host' to ALLOWED_HOSTS.
Bad Request: /
Not Found: /favicon.ico
Invalid HTTP_HOST header: 'www.alwahabgarden.host'. You may need to add 'www.alwahabgarden.host' to ALLOWED_HOSTS.
Bad Request: /
Invalid HTTP_HOST header: 'www.alwahabgarden.host'. You may need to add 'www.alwahabgarden.host' to ALLOWED_HOSTS.
Bad Request: /
Not Found: /favicon.ico
Not Found: /favicon.ico
OSError: LSAPI: Socket read/write error
Invalid HTTP_HOST header: 'www.alwahabgarden.host'. You may need to add 'www.alwahabgarden.host' to ALLOWED_HOSTS.
Bad Request: /
Invalid HTTP_HOST header: 'www.alwahabgarden.host'. You may need to add 'www.alwahabgarden.host' to ALLOWED_HOSTS.
Bad Request: /favicon.ico
Invalid HTTP_HOST header: 'www.alwahabgarden.host'. You may need to add 'www.alwahabgarden.host' to ALLOWED_HOSTS.
Bad Request: /
Invalid HTTP_HOST header: 'www.alwahabgarden.host'. You may need to add 'www.alwahabgarden.host' to ALLOWED_HOSTS.
Bad Request: /favicon.ico
Not Found: /wp-admin/setup-config.php
Not Found: /wp-admin/install.php
Not Found: /readme.html
Not Found: /license.txt
Not Found: /wordpress/
Not Found: /wp/
Not Found: /backup/
Not Found: /old/
Not Found: /wp-admin/setup-config.php
Not Found: /wp-admin/install.php
Not Found: /readme.html
Not Found: /license.txt
Not Found: /wordpress/
Not Found: /wp/
Not Found: /backup/
Not Found: /old/
Invalid HTTP_HOST header: 'www.alwahabgarden.host'. You may need to add 'www.alwahabgarden.host' to ALLOWED_HOSTS.
Bad Request: /
Not Found: /robots.txt
Invalid HTTP_HOST header: 'www.alwahabgarden.host'. You may need to add 'www.alwahabgarden.host' to ALLOWED_HOSTS.
Bad Request: /robots.txt
Invalid HTTP_HOST header: 'www.alwahabgarden.host'. You may need to add 'www.alwahabgarden.host' to ALLOWED_HOSTS.
Bad Request: /
Not Found: /.env
Not Found: /wp-admin/setup-config.php
Not Found: /wp-admin/install.php
Not Found: /readme.html
Not Found: /license.txt
Not Found: /wordpress/
Not Found: /wp/
Not Found: /backup/
Not Found: /old/
Not Found: /favicon.ico
Not Found: /favicon.ico
Not Found: /ads.txt
Not Found: /robots.txt
Not Found: /robots.txt
Not Found: /robots.txt
Not Found: /robots.txt
Invalid HTTP_HOST header: 'www.alwahabgarden.host'. You may need to add 'www.alwahabgarden.host' to ALLOWED_HOSTS.
Bad Request: /robots.txt
Not Found: /wp-admin/setup-config.php
Not Found: /wp-admin/install.php
Not Found: /readme.html
Not Found: /license.txt
Not Found: /wordpress/
Not Found: /wp/
Not Found: /backup/
Not Found: /old/
Not Found: /shfqglmocakznvt
Not Found: /site/info
Not Found: /index/newapi/api
Not Found: /static/index/js/lk/order.js
Not Found: /v1/management/tenant/getTenantConfig
Not Found: /user/regok.php
Not Found: /static/wap/css/trade-history.css
Not Found: /template/mobile_user/ask_list.html
Not Found: /index/lotteryHall.do
Not Found: /check
Not Found: /statics/css/user.css
Not Found: /api/nimcc/recv
Not Found: /phalapi/public/
Not Found: /api/currency/quotation_new
Not Found: /api/message/webInfo
Not Found: /assets/js/video.js
Not Found: /resources/main/common.js
Not Found: /Ajax/allcoin_a
Not Found: /service
Not Found: /config.js
Not Found: /newss/resources/js/pc28-betbox.js
Not Found: /js/noright.js
Not Found: /service
Not Found: /index/index/cx
Not Found: /static/theme/landrick/js/counter.init.js
Not Found: /Public/mobile/js/config.js
Not Found: /Six/Js/class_12.js
Not Found: /api/config
Not Found: /Public/home/common/js/index.js
Not Found: /static/index/sign.js
Not Found: /Pay/index.php
Not Found: /auth/web/login/webLoginEwm
Not Found: /index.html
Not Found: /api/market/currency_matches
Not Found: /api/site/getInfo.do
Not Found: /User/login.html
Not Found: /api/uploads/getappconfig
Not Found: /dist/images/mask/colsed.png
Not Found: /api/shop/product
Not Found: /api/link/platform
Not Found: /home/login/login_index.html
Not Found: /dianjianniu.js
Not Found: /api/service
Not Found: /Scripts/Chat
Not Found: /index/user/main.html
Not Found: /native/getStationInfo.do
Not Found: /nyyh/ac_runactivecontent.js
Not Found: /api/baseConfig
Not Found: /Site/configH5
Not Found: /Home/SendSMSCodeToPhoneFromAdmin
Not Found: /configstatic/h5/control/control.js
Not Found: /api/index/webconfig
Not Found: /template/mb/lang/text-zh.json
Not Found: /static/wap/bjscDetails.html
Not Found: /api/index/index
Not Found: /api/v1/member/home
Not Found: /Pc/tools/outpwd_smsverify
Not Found: /home/index/getkdata/intval/1day/type/btcusdt
Not Found: /static/favicon.ico
Not Found: /api/shares/systemStyle
Not Found: /index.php
Not Found: /li/user/loginck
Not Found: /cron/bet/lastKj
Not Found: /acquireSession
Not Found: /public/home/js/func.js
Not Found: /views/bank/bank.html
Not Found: /index/index/vhash
Not Found: /images/adminlo.png
Not Found: /api/vue/transaction/config
Not Found: /api/product/list/index
Not Found: /Public/Home/statics/web/js/style.js
Not Found: /static_jt/css/style.css
Not Found: /checkusername
Not Found: /app/public/config/index.php
Not Found: /templates/hyacinth/js/common.js
Not Found: /images/defaultpic.gif
Not Found: /static/wallet.png
Not Found: /static/admin/favicon.ico
Not Found: /picture/imtokenlogo.svg
Not Found: /static/js/chart.js
Not Found: /melody/api/v1/retgistercolumn/list
Not Found: /public/message/findByType
Not Found: /default_drawnotice.shtml
Not Found: /v1/common/visitor/getAgentStatus.do
Not Found: /assets/layui/resuser/room.js
Not Found: /favicon.ico
Not Found: /js/_coolchat-commons.js
Not Found: /member/showSign
Not Found: /index.php/games/red
Not Found: /photo/index.asp
Not Found: /api/apps/config
Not Found: /index.php
Not Found: /static/home/js/regular.js
Not Found: /static/img/banben.png
Not Found: /res/dou/login.css
Not Found: /static/api/js/conf/define.js
Not Found: /Apps/gold/Tpl/Admin/Mt4Server/index.html
Not Found: /Card/liu.html
Not Found: /static/images/themeWZCP/tzjl.png
Not Found: /pc/serverConfig.js
Not Found: /ws/index/weblogo/app
Not Found: /jsonpublic/selectAddtion.asp
Not Found: /js/preload/example.txt
Not Found: /backend
Not Found: /h5/static/icon/icon_hetong.png
Not Found: /static/new/js/shangchuan.js
Not Found: /api/pc/helper/terms
Not Found: /en/autonews.html
Not Found: /template/css/bet_aok.css
Not Found: /Public/statics/js/iconfont.js
Not Found: /static/common/icon/zhuanzhang.png
Not Found: /js/room.js
Not Found: /img/default/gaba.png
Not Found: /static/home/baodan.png
Not Found: /resource/images/404.jpg
Not Found: /index/chat/init
Not Found: /public/static/js/main.js
Not Found: /xmlb
Not Found: /api/Index/down
Not Found: /resource/home/js/config.js
Not Found: /scripts/LoadAjaxIco.js
Not Found: /api/user/switchWeb
Not Found: /index.php/index/login/logincl
Not Found: /Public/m/js/yxMobileSlider.js
Not Found: /pczs/js/trendChart.js
Not Found: /api.php
Not Found: /platform/passport/login.html
Not Found: /web/im/js/register.js
Not Found: /post.asp
Not Found: /Plus/AboutUs/Images/Style.css
Not Found: /api/zhenren/tfGameType/distinctPtAndBusiness
Not Found: /text_config.js
Not Found: /js/nsc_m/res.js
Not Found: /Ajax/checkpwd.js
Not Found: /submit.asp
Not Found: /Public/xxpc/basejac.js
Not Found: /User/Reg/
Not Found: /history_code.shtml
Not Found: /dist/js/regist.js
Not Found: /static/js/winScale.js
Not Found: /index/index/ajaxreg.shtml
Not Found: /web/api/getConfig
Not Found: /case/
Not Found: /Public/admin/js/common.js
Not Found: /api/exclude/siteConfig/webSiteConfig
Not Found: /init.js
Not Found: /jiankong.htm
Not Found: /phpcms/modules/member/touzi.php
Not Found: /member/css/bindmobile.js
Not Found: /waplogin.php
Not Found: /Application/Basic/Static/css/customerselect.css
Not Found: /Public/js/chatmsg.js
Not Found: /static/img_m/login-bg.a7550e9.png
Not Found: /api/submitCard.html
Not Found: /api/link
Not Found: /loop/fiveData
Not Found: /html/wechat/getkey
Not Found: /Loading.png
Not Found: /js/app.js
Not Found: /business/t-ec-info/commands
Not Found: /index/index/register1/type/1.html
Not Found: /t100/icon-service.svg
Not Found: /Web/JS/michat.js
Not Found: /api/user/drawList
Not Found: /account/login
Not Found: /wap/reportExample.shtml
Not Found: /static/index/Index.js
Not Found: /shouye.asp
Not Found: /api/trendData
Not Found: /index/user/register.html
Not Found: /api/index/indexconfig
Not Found: /Publics/getWebInitInfo
Not Found: /room/minilogin.php
Not Found: /api/default/login-page
Not Found: /public/js/json/code_BF_ix.json
Not Found: /-/x/hbg/daq/user-event/info/plain
Not Found: /api/v1/product/category
Not Found: /js/app.style2.js
Not Found: /index.php/index/index/get_company_info
Not Found: /Public/Wap/jinrong/Mobile/Public/js/drawsvg.js
Not Found: /static/splash.png
Not Found: /miningpool/index
Not Found: /home/data/get_ip_info
Not Found: /libs/wsBase.js
Not Found: /static_new/js/common.js
Not Found: /js/subsidy/bk.min.js
Not Found: /index/load/rebotslist.html
Not Found: /active
Not Found: /api/f.php
Not Found: /prod-api/api/mine/sys/sysConfig
Not Found: /api/safety/system-list
Not Found: /Home/Jiekou/ajaxLatest1
Not Found: /user/ajax_tm
Not Found: /chatroomgame
Not Found: /index/login/getWays
Not Found: /km.asmx/getPlatParam
Not Found: /_data/config/config/get
Not Found: /api/client/regconfig
Not Found: /home/main/getConfig.do
Not Found: /a/web/goWeb/userTpl
Not Found: /assets/yibao/Nweshebao/img/logo.png
Not Found: /ajax/index_b_trends
Not Found: /index/login/smsRand
Not Found: /static/config.js
Not Found: /api/home/country/list
Not Found: /ashx/getPlatParam.ashx
Not Found: /v1/app/market/home/queryKlineRiseList
Not Found: /live/getRealIP
Not Found: /-_files/bj.png
Not Found: /js/chunk-vendors.63ec85b1.js
Not Found: /v1/user/overview/userinfo
Not Found: /jkb/accSet.jpg
Not Found: /api/v1/tea/investment-project/list
Not Found: /api/mihdy/register
Not Found: /computer/articleContent
Not Found: /Public/Home/css/revise.css
Not Found: /index.php
Not Found: /market/index/market_bat
Not Found: /t000/login-img-2.svg
Not Found: /static/js/news.js
Not Found: /app/member/getdata.php
Not Found: /app/login
Not Found: /1.jpg
Not Found: /Home/Get/getIndexLunshu
Not Found: /api/sms
Not Found: /mobile/user/getImgCodeCal
Not Found: /assets/js/daik/hm.js
Not Found: /common/scrollreveal.min.js
Not Found: /upload_json/
Not Found: /api/index/userdded.html
Not Found: /static/picture/imTokenLogo.svg
Not Found: /star.php
Not Found: /Mg0a4/app/data.js
Not Found: /mobile/login/register.html
Not Found: /static/icon.png
Not Found: /x_hf.asp
Not Found: /index/index/info
Not Found: /app/h5Api
Not Found: /wap/api/exchangerateuserconfig!get.action
Not Found: /api/index/logincode
Not Found: /app/config/getConfig
Not Found: /tp/
Not Found: /static/admin/js/cvphp.js
Not Found: /Public/Wchat/js/cvphp.js
Not Found: /static/img/cs/cs-bg-big.jpg
Not Found: /robots.txt
Invalid HTTP_HOST header: 'www.alwahabgarden.host'. You may need to add 'www.alwahabgarden.host' to ALLOWED_HOSTS.
Bad Request: /robots.txt
Not Found: /.env
Not Found: /.env
Not Found: /robots.txt
Not Found: /humans.txt
Not Found: /ads.txt
Invalid HTTP_HOST header: 'www.alwahabgarden.host'. You may need to add 'www.alwahabgarden.host' to ALLOWED_HOSTS.
Bad Request: /
Invalid HTTP_HOST header: 'www.alwahabgarden.host'. You may need to add 'www.alwahabgarden.host' to ALLOWED_HOSTS.
Bad Request: /
Not Found: /favicon.ico
Not Found: /favicon.ico
Not Found: /wp-json/tdw/
Not Found: /robots.txt
Invalid HTTP_HOST header: 'www.alwahabgarden.host'. You may need to add 'www.alwahabgarden.host' to ALLOWED_HOSTS.
Bad Request: /
Invalid HTTP_HOST header: 'mail.alwahabgarden.host'. You may need to add 'mail.alwahabgarden.host' to ALLOWED_HOSTS.
Bad Request: /
Invalid HTTP_HOST header: 'www.alwahabgarden.host'. You may need to add 'www.alwahabgarden.host' to ALLOWED_HOSTS.
Bad Request: /
Not Found: /configurations/asset_twilio_prod.env
Not Found: /twilio-app/settings.yaml
Not Found: /helpers/twilio_keys.rb
Not Found: /config/asset_secrets.rb
Not Found: /twilio/asset_credentials.xml
Not Found: /api/twilio/asset_config
Not Found: /config/production.yaml
Not Found: /twilio/asset_keys.js
Not Found: /dev/twilio.keys.yml
Not Found: /settings/config.json
Not Found: /private/twilio_secrets.json
Not Found: /api/twilio/v7/voicemail
Not Found: /twilio/v11/alerts
Not Found: /twilio/v8/fax
Not Found: /config/twilio/api/v12/group
Not Found: /api/twilio/v10/verify
Not Found: /twilio/v9/conferences
Not Found: /api/twilio/v9/websockets
Not Found: /api/twilio/v8/video
Not Found: /config/twilio/api/v11/chat
Not Found: /config/twilio/api/v14/messaging
Not Found: /twilio/v10/recordings
Not Found: /api/twilio/v14/sessions
Not Found: /api/twilio/v13/dashboard
Not Found: /config/twilio/api/v15/flex
Not Found: /api/twilio/v12/tollfree
Not Found: /twilio/v13/metrics
Not Found: /config/twilio/api/v13/insights
Not Found: /config/twilio/api/v16/phone
Not Found: /twilio/v12/shortcodes
Not Found: /api/twilio/v11/numbers
Not Found: /twilio/v14/participants
Not Found: /config/twilio/api/v17/studio
Not Found: /twilio/v16/widgets
Not Found: /robots.txt
Not Found: /favicon.ico
1
123123
2023-10-01 13:38:46.993598+00:00
True
1
123123
2023-10-01 13:38:46.997278+00:00
8
357
2023-10-01 13:38:46.998858+00:00
True
8
357
2023-10-01 13:38:47.000508+00:00
7
361
2023-10-01 13:38:47.001982+00:00
True
7
361
2023-10-01 13:38:47.004137+00:00
6
345
2023-10-01 13:38:47.005761+00:00
True
6
345
2023-10-01 13:38:47.009913+00:00
9
01
2023-10-01 13:38:47.011636+00:00
True
9
01
2023-10-01 13:38:47.013215+00:00
10
04
2023-10-01 13:38:47.014732+00:00
True
10
04
2023-10-01 13:38:47.016255+00:00
11
05
2023-10-01 13:38:47.017786+00:00
True
11
05
2023-10-01 13:38:47.019336+00:00
12
29
2023-10-01 13:38:47.020980+00:00
True
12
29
2023-10-01 13:38:47.023451+00:00
13
17-2
2023-10-01 13:38:47.025480+00:00
True
13
17-2
2023-10-01 13:38:47.027767+00:00
14
17
2023-10-01 13:38:47.029981+00:00
True
14
17
2023-10-01 13:38:47.032159+00:00
15
18
2023-10-01 13:38:47.034409+00:00
True
15
18
2023-10-01 13:38:47.036660+00:00
16
20
2023-10-01 13:38:47.039305+00:00
True
16
20
2023-10-01 13:38:47.040913+00:00
17
None
17
18
21
2023-10-01 13:38:47.044983+00:00
True
18
21
2023-10-01 13:38:47.046449+00:00
19
37
2023-10-01 13:38:47.048043+00:00
True
19
37
2023-10-01 13:38:47.049556+00:00
20
39
2023-10-01 13:38:47.050944+00:00
True
20
39
2023-10-01 13:38:47.053792+00:00
21
43-2
2023-10-01 13:38:47.055369+00:00
True
21
43-2
2023-10-01 13:38:47.056817+00:00
22
40-2
2023-10-01 13:38:47.058284+00:00
True
22
40-2
2023-10-01 13:38:47.059708+00:00
23
44
2023-10-01 13:38:47.061119+00:00
True
23
44
2023-10-01 13:38:47.062477+00:00
24
46
2023-10-01 13:38:47.063808+00:00
True
24
46
2023-10-01 13:38:47.065183+00:00
25
35
2023-10-01 13:38:47.066632+00:00
True
25
35
2023-10-01 13:38:47.068248+00:00
26
33-2
2023-10-01 13:38:47.069709+00:00
True
26
33-2
2023-10-01 13:38:47.073195+00:00
27
49
2023-10-01 13:38:47.075324+00:00
True
27
49
2023-10-01 13:38:47.077045+00:00
28
30/A
2023-10-01 13:38:47.078771+00:00
True
28
30/A
2023-10-01 13:38:47.080913+00:00
29
30-2
2023-10-01 13:38:47.082821+00:00
True
29
30-2
2023-10-01 13:38:47.085058+00:00
30
69
2023-10-01 13:38:47.086991+00:00
True
30
69
2023-10-01 13:38:47.088638+00:00
31
68
2023-10-01 13:38:47.090139+00:00
True
31
68
2023-10-01 13:38:47.091522+00:00
32
56
2023-10-01 13:38:47.093031+00:00
True
32
56
2023-10-01 13:38:47.094455+00:00
33
55-2
2023-10-01 13:38:47.095987+00:00
True
33
55-2
2023-10-01 13:38:47.098004+00:00
None None None
None None None
Not Found: //adm
Not Found: /favicon.ico
Not Found: /wp-content/plugins/hellopress/wp_filemanager.php
Not Found: /.well-known/pki-validation/cloud.php
Not Found: /.well-known/acme-challenge/cloud.php
Not Found: /wp-admin/network/cloud.php
Not Found: /cloud.php
Not Found: /cgi-bin/cloud.php
Not Found: /css/cloud.php
Not Found: /wp-admin/user/cloud.php
Not Found: /img/cloud.php
Not Found: /wp-admin/css/colors/coffee/cloud.php
Not Found: /wp-admin/images/cloud.php
Not Found: /images/cloud.php
Not Found: /wp-admin/js/widgets/cloud.php
Not Found: /wp-admin/css/colors/cloud.php
Not Found: /wp-admin/includes/cloud.php
Not Found: /wp-admin/css/colors/blue/cloud.php
Not Found: /wp-admin/cloud.php
Not Found: /alfa-rex.php
Not Found: /repeater.php
Not Found: /wp-admin/js/widgets/about.php7
Not Found: /alfa-rex.php7
Not Found: /wp-admin/js/about.php
Not Found: /wp-includes/theme-compat/wp-conflg.php
Not Found: /wp-content/themes/applica/400.php
Not Found: /.well-known/pki-validation/xmrlpc.php
Not Found: /.well-known/acme-challenge/xmrlpc.php
Not Found: /wp-admin/network/xmrlpc.php
Not Found: /xmrlpc.php
Not Found: /cgi-bin/xmrlpc.php
Not Found: /css/xmrlpc.php
Not Found: /wp-admin/user/xmrlpc.php
Not Found: /img/xmrlpc.php
Not Found: /wp-admin/css/colors/coffee/xmrlpc.php
Not Found: /wp-admin/images/xmrlpc.php
Not Found: /images/xmrlpc.php
Not Found: /wp-admin/js/widgets/xmrlpc.php
Not Found: /wp-admin/css/colors/xmrlpc.php
Not Found: /wp-admin/includes/xmrlpc.php
Not Found: /wp-admin/css/colors/blue/xmrlpc.php
Not Found: /wp-admin/xmrlpc.php
Not Found: /wp-content/themes/pridmag/db.php
Not Found: /wp-content/themes/seotheme/mar.php
Not Found: /wp-content/plugins/linkpreview/db.php
Not Found: /wp-content/themes/seotheme/db.php
Not Found: /wp-content/plugins/seoplugins/db.php
Not Found: /wp-content/plugins/seoplugins/mar.php
Not Found: /wp/wp-content/themes/pridmag/db.php
Not Found: /wp/wp-content/themes/seotheme/mar.php
Not Found: /wp/wp-content/plugins/linkpreview/db.php
Not Found: /wp/wp-content/themes/seotheme/db.php
Not Found: /wp/wp-content/plugins/seoplugins/db.php
Not Found: /wp/wp-content/plugins/seoplugins/mar.php
Not Found: /blog/wp-content/themes/pridmag/db.php
Not Found: /blog/wp-content/themes/seotheme/mar.php
Not Found: /blog/wp-content/plugins/linkpreview/db.php
Not Found: /blog/wp-content/themes/seotheme/db.php
Not Found: /blog/wp-content/plugins/seoplugins/db.php
Not Found: /blog/wp-content/plugins/seoplugins/mar.php
Not Found: /wordpress/wp-content/themes/pridmag/db.php
Not Found: /wordpress/wp-content/themes/seotheme/mar.php
Not Found: /wordpress/wp-content/plugins/linkpreview/db.php
Not Found: /wordpress/wp-content/themes/seotheme/db.php
Not Found: /wordpress/wp-content/plugins/seoplugins/db.php
Not Found: /wordpress/wp-content/plugins/seoplugins/mar.php
Not Found: /old/wp-content/themes/pridmag/db.php
Not Found: /old/wp-content/themes/seotheme/mar.php
Not Found: /old/wp-content/plugins/linkpreview/db.php
Not Found: /old/wp-content/themes/seotheme/db.php
Not Found: /old/wp-content/plugins/seoplugins/db.php
Not Found: /old/wp-content/plugins/seoplugins/mar.php
Not Found: /wp-content/themes/ccx/index.php
Not Found: /wp-content/updates.php
Not Found: /wp-includes/js/tinymce/skins/lightgray/img/index.php
Not Found: /wp-content/plugins/ccx/index.php
Not Found: /wp-content/plugins/raizo/raizoworm.php
Not Found: /wp-content/gecko-new.php
Not Found: /wp-admin/raizoworm.php
Not Found: /wp-content/plugins/background-image-cropper/ups.php
Not Found: /updates.php
Not Found: /libraries/legacy/updates.php
Not Found: /libraries/phpmailer/updates.php
Not Found: /libraries/vendor/updates.php
Invalid HTTP_HOST header: 'www.alwahabgarden.host'. You may need to add 'www.alwahabgarden.host' to ALLOWED_HOSTS.
Bad Request: /robots.txt
Invalid HTTP_HOST header: 'www.alwahabgarden.host'. You may need to add 'www.alwahabgarden.host' to ALLOWED_HOSTS.
Bad Request: /
Not Found: /wp-admin/setup-config.php
Not Found: /wp-admin/install.php
Not Found: /readme.html
Not Found: /license.txt
Forbidden (CSRF token missing or incorrect.): /User/login
Not Found: /favicon.ico
Forbidden (CSRF token missing or incorrect.): /User/login
Forbidden (CSRF token missing or incorrect.): /User/login
Forbidden (CSRF token missing or incorrect.): /User/login
Forbidden (CSRF token missing or incorrect.): /User/login
Forbidden (CSRF token missing or incorrect.): /User/login
1
123123
2023-10-02 07:54:56.186015+00:00
True
1
123123
2023-10-02 07:54:56.192270+00:00
8
357
2023-10-02 07:54:56.194827+00:00
True
8
357
2023-10-02 07:54:56.196810+00:00
7
361
2023-10-02 07:54:56.198899+00:00
True
7
361
2023-10-02 07:54:56.200703+00:00
6
345
2023-10-02 07:54:56.203096+00:00
True
6
345
2023-10-02 07:54:56.204921+00:00
9
01
2023-10-02 07:54:56.206844+00:00
True
9
01
2023-10-02 07:54:56.208789+00:00
10
04
2023-10-02 07:54:56.210463+00:00
True
10
04
2023-10-02 07:54:56.212451+00:00
11
05
2023-10-02 07:54:56.214072+00:00
True
11
05
2023-10-02 07:54:56.216343+00:00
12
29
2023-10-02 07:54:56.218166+00:00
True
12
29
2023-10-02 07:54:56.219814+00:00
13
17-2
2023-10-02 07:54:56.221675+00:00
True
13
17-2
2023-10-02 07:54:56.223786+00:00
14
17
2023-10-02 07:54:56.225472+00:00
True
14
17
2023-10-02 07:54:56.227123+00:00
15
18
2023-10-02 07:54:56.228751+00:00
True
15
18
2023-10-02 07:54:56.230352+00:00
16
20
2023-10-02 07:54:56.232035+00:00
True
16
20
2023-10-02 07:54:56.233789+00:00
17
None
17
18
21
2023-10-02 07:54:56.238247+00:00
True
18
21
2023-10-02 07:54:56.239817+00:00
19
37
2023-10-02 07:54:56.241348+00:00
True
19
37
2023-10-02 07:54:56.242972+00:00
20
39
2023-10-02 07:54:56.245233+00:00
True
20
39
2023-10-02 07:54:56.247342+00:00
21
43-2
2023-10-02 07:54:56.249445+00:00
True
21
43-2
2023-10-02 07:54:56.251395+00:00
22
40-2
2023-10-02 07:54:56.253412+00:00
True
22
40-2
2023-10-02 07:54:56.255879+00:00
23
44
2023-10-02 07:54:56.258410+00:00
True
23
44
2023-10-02 07:54:56.261830+00:00
24
46
2023-10-02 07:54:56.264633+00:00
True
24
46
2023-10-02 07:54:56.266789+00:00
25
35
2023-10-02 07:54:56.268428+00:00
True
25
35
2023-10-02 07:54:56.269959+00:00
26
33-2
2023-10-02 07:54:56.271589+00:00
True
26
33-2
2023-10-02 07:54:56.273117+00:00
27
49
2023-10-02 07:54:56.274661+00:00
True
27
49
2023-10-02 07:54:56.276110+00:00
28
30/A
2023-10-02 07:54:56.277662+00:00
True
28
30/A
2023-10-02 07:54:56.279114+00:00
29
30-2
2023-10-02 07:54:56.280539+00:00
True
29
30-2
2023-10-02 07:54:56.282033+00:00
30
69
2023-10-02 07:54:56.283482+00:00
True
30
69
2023-10-02 07:54:56.284916+00:00
31
68
2023-10-02 07:54:56.286320+00:00
True
31
68
2023-10-02 07:54:56.287973+00:00
32
56
2023-10-02 07:54:56.290063+00:00
True
32
56
2023-10-02 07:54:56.293244+00:00
33
55-2
2023-10-02 07:54:56.296148+00:00
True
33
55-2
2023-10-02 07:54:56.298774+00:00
1
123123
2023-10-02 07:54:57.126229+00:00
True
1
123123
2023-10-02 07:54:57.128817+00:00
8
357
2023-10-02 07:54:57.131190+00:00
True
8
357
2023-10-02 07:54:57.133560+00:00
7
361
2023-10-02 07:54:57.135787+00:00
True
7
361
2023-10-02 07:54:57.137916+00:00
6
345
2023-10-02 07:54:57.140076+00:00
True
6
345
2023-10-02 07:54:57.142277+00:00
9
01
2023-10-02 07:54:57.144433+00:00
True
9
01
2023-10-02 07:54:57.146664+00:00
10
04
2023-10-02 07:54:57.148976+00:00
True
10
04
2023-10-02 07:54:57.151286+00:00
11
05
2023-10-02 07:54:57.153604+00:00
True
11
05
2023-10-02 07:54:57.155739+00:00
12
29
2023-10-02 07:54:57.157989+00:00
True
12
29
2023-10-02 07:54:57.160410+00:00
13
17-2
2023-10-02 07:54:57.162749+00:00
True
13
17-2
2023-10-02 07:54:57.165380+00:00
14
17
2023-10-02 07:54:57.167917+00:00
True
14
17
2023-10-02 07:54:57.170436+00:00
15
18
2023-10-02 07:54:57.172907+00:00
True
15
18
2023-10-02 07:54:57.175466+00:00
16
20
2023-10-02 07:54:57.177962+00:00
True
16
20
2023-10-02 07:54:57.180436+00:00
17
None
17
18
21
2023-10-02 07:54:57.187583+00:00
True
18
21
2023-10-02 07:54:57.190101+00:00
19
37
2023-10-02 07:54:57.192527+00:00
True
19
37
2023-10-02 07:54:57.195010+00:00
20
39
2023-10-02 07:54:57.197513+00:00
True
20
39
2023-10-02 07:54:57.199988+00:00
21
43-2
2023-10-02 07:54:57.202409+00:00
True
21
43-2
2023-10-02 07:54:57.204758+00:00
22
40-2
2023-10-02 07:54:57.207311+00:00
True
22
40-2
2023-10-02 07:54:57.209683+00:00
23
44
2023-10-02 07:54:57.211741+00:00
True
23
44
2023-10-02 07:54:57.213976+00:00
24
46
2023-10-02 07:54:57.216274+00:00
True
24
46
2023-10-02 07:54:57.218475+00:00
25
35
2023-10-02 07:54:57.220782+00:00
True
25
35
2023-10-02 07:54:57.223134+00:00
26
33-2
2023-10-02 07:54:57.224775+00:00
True
26
33-2
2023-10-02 07:54:57.226449+00:00
27
49
2023-10-02 07:54:57.228255+00:00
True
27
49
2023-10-02 07:54:57.229968+00:00
28
30/A
2023-10-02 07:54:57.232054+00:00
True
28
30/A
2023-10-02 07:54:57.238921+00:00
29
30-2
2023-10-02 07:54:57.241767+00:00
True
29
30-2
2023-10-02 07:54:57.244402+00:00
30
69
2023-10-02 07:54:57.246941+00:00
True
30
69
2023-10-02 07:54:57.249351+00:00
31
68
2023-10-02 07:54:57.251751+00:00
True
31
68
2023-10-02 07:54:57.254117+00:00
32
56
2023-10-02 07:54:57.256443+00:00
True
32
56
2023-10-02 07:54:57.258783+00:00
33
55-2
2023-10-02 07:54:57.261221+00:00
True
33
55-2
2023-10-02 07:54:57.263535+00:00
Forbidden (CSRF token missing or incorrect.): /User/login
Forbidden (CSRF token missing or incorrect.): /User/login
Forbidden (CSRF token missing or incorrect.): /User/login
Forbidden (CSRF token missing or incorrect.): /User/login
1
123123
2023-10-02 07:59:20.808316+00:00
True
1
123123
2023-10-02 07:59:20.811724+00:00
8
357
2023-10-02 07:59:20.813507+00:00
True
8
357
2023-10-02 07:59:20.815173+00:00
7
361
2023-10-02 07:59:20.816813+00:00
True
7
361
2023-10-02 07:59:20.818293+00:00
6
345
2023-10-02 07:59:20.819858+00:00
True
6
345
2023-10-02 07:59:20.821429+00:00
9
01
2023-10-02 07:59:20.822896+00:00
True
9
01
2023-10-02 07:59:20.824266+00:00
10
04
2023-10-02 07:59:20.825646+00:00
True
10
04
2023-10-02 07:59:20.827225+00:00
11
05
2023-10-02 07:59:20.828731+00:00
True
11
05
2023-10-02 07:59:20.830157+00:00
12
29
2023-10-02 07:59:20.831582+00:00
True
12
29
2023-10-02 07:59:20.833033+00:00
13
17-2
2023-10-02 07:59:20.834515+00:00
True
13
17-2
2023-10-02 07:59:20.836004+00:00
14
17
2023-10-02 07:59:20.837456+00:00
True
14
17
2023-10-02 07:59:20.838897+00:00
15
18
2023-10-02 07:59:20.840356+00:00
True
15
18
2023-10-02 07:59:20.842055+00:00
16
20
2023-10-02 07:59:20.843589+00:00
True
16
20
2023-10-02 07:59:20.845116+00:00
17
None
17
18
21
2023-10-02 07:59:20.849260+00:00
True
18
21
2023-10-02 07:59:20.850773+00:00
19
37
2023-10-02 07:59:20.852274+00:00
True
19
37
2023-10-02 07:59:20.853782+00:00
20
39
2023-10-02 07:59:20.855305+00:00
True
20
39
2023-10-02 07:59:20.856772+00:00
21
43-2
2023-10-02 07:59:20.858288+00:00
True
21
43-2
2023-10-02 07:59:20.860002+00:00
22
40-2
2023-10-02 07:59:20.861636+00:00
True
22
40-2
2023-10-02 07:59:20.863250+00:00
23
44
2023-10-02 07:59:20.864899+00:00
True
23
44
2023-10-02 07:59:20.866484+00:00
24
46
2023-10-02 07:59:20.868082+00:00
True
24
46
2023-10-02 07:59:20.869582+00:00
25
35
2023-10-02 07:59:20.871165+00:00
True
25
35
2023-10-02 07:59:20.872605+00:00
26
33-2
2023-10-02 07:59:20.874019+00:00
True
26
33-2
2023-10-02 07:59:20.875452+00:00
27
49
2023-10-02 07:59:20.876912+00:00
True
27
49
2023-10-02 07:59:20.878312+00:00
28
30/A
2023-10-02 07:59:20.879833+00:00
True
28
30/A
2023-10-02 07:59:20.881336+00:00
29
30-2
2023-10-02 07:59:20.882914+00:00
True
29
30-2
2023-10-02 07:59:20.884478+00:00
30
69
2023-10-02 07:59:20.885989+00:00
True
30
69
2023-10-02 07:59:20.887479+00:00
31
68
2023-10-02 07:59:20.889052+00:00
True
31
68
2023-10-02 07:59:20.890633+00:00
32
56
2023-10-02 07:59:20.892210+00:00
True
32
56
2023-10-02 07:59:20.893763+00:00
33
55-2
2023-10-02 07:59:20.895190+00:00
True
33
55-2
2023-10-02 07:59:20.896662+00:00
'import site' failed; use -v for traceback
  File "manage.py", line 17
    ) from exc
         ^
SyntaxError: invalid syntax
'import site' failed; use -v for traceback
  File "manage.py", line 17
    ) from exc
         ^
SyntaxError: invalid syntax
Not Found: /charges/static/css/logo_icon.ico
Not Found: /User/static/css/logo_icon.ico
Not Found: /favicon.ico
1
123123
2023-10-02 08:05:01.492718+00:00
True
1
123123
2023-10-02 08:05:01.530159+00:00
8
357
2023-10-02 08:05:01.539694+00:00
True
8
357
2023-10-02 08:05:01.543278+00:00
7
361
2023-10-02 08:05:01.546515+00:00
True
7
361
2023-10-02 08:05:01.549642+00:00
6
345
2023-10-02 08:05:01.552694+00:00
True
6
345
2023-10-02 08:05:01.555781+00:00
9
01
2023-10-02 08:05:01.566484+00:00
True
9
01
2023-10-02 08:05:01.569759+00:00
10
04
2023-10-02 08:05:01.572942+00:00
True
10
04
2023-10-02 08:05:01.576090+00:00
11
05
2023-10-02 08:05:01.579197+00:00
True
11
05
2023-10-02 08:05:01.590727+00:00
12
29
2023-10-02 08:05:01.594284+00:00
True
12
29
2023-10-02 08:05:01.597715+00:00
13
17-2
2023-10-02 08:05:01.601201+00:00
True
13
17-2
2023-10-02 08:05:01.604518+00:00
14
17
2023-10-02 08:05:01.608266+00:00
True
14
17
2023-10-02 08:05:01.611578+00:00
15
18
2023-10-02 08:05:01.614949+00:00
True
15
18
2023-10-02 08:05:01.618396+00:00
16
20
2023-10-02 08:05:01.621763+00:00
True
16
20
2023-10-02 08:05:01.631333+00:00
17
None
17
18
21
2023-10-02 08:05:01.652072+00:00
True
18
21
2023-10-02 08:05:01.656188+00:00
19
37
2023-10-02 08:05:01.659519+00:00
True
19
37
2023-10-02 08:05:01.662781+00:00
20
39
2023-10-02 08:05:01.667755+00:00
True
20
39
2023-10-02 08:05:01.671301+00:00
21
43-2
2023-10-02 08:05:01.674596+00:00
True
21
43-2
2023-10-02 08:05:01.677837+00:00
22
40-2
2023-10-02 08:05:01.682576+00:00
True
22
40-2
2023-10-02 08:05:01.686347+00:00
23
44
2023-10-02 08:05:01.690410+00:00
True
23
44
2023-10-02 08:05:01.695025+00:00
24
46
2023-10-02 08:05:01.701995+00:00
True
24
46
2023-10-02 08:05:01.705323+00:00
25
35
2023-10-02 08:05:01.708699+00:00
True
25
35
2023-10-02 08:05:01.711741+00:00
26
33-2
2023-10-02 08:05:01.714968+00:00
True
26
33-2
2023-10-02 08:05:01.718317+00:00
27
49
2023-10-02 08:05:01.723917+00:00
True
27
49
2023-10-02 08:05:01.727460+00:00
28
30/A
2023-10-02 08:05:01.730553+00:00
True
28
30/A
2023-10-02 08:05:01.744516+00:00
29
30-2
2023-10-02 08:05:01.748017+00:00
True
29
30-2
2023-10-02 08:05:01.751181+00:00
30
69
2023-10-02 08:05:01.754310+00:00
True
30
69
2023-10-02 08:05:01.757323+00:00
31
68
2023-10-02 08:05:01.770018+00:00
True
31
68
2023-10-02 08:05:01.773913+00:00
32
56
2023-10-02 08:05:01.777038+00:00
True
32
56
2023-10-02 08:05:01.780614+00:00
33
55-2
2023-10-02 08:05:01.784285+00:00
True
33
55-2
2023-10-02 08:05:01.787777+00:00
Admin
Admin

Not Found: /User/static/css/logo_icon.ico
None None None
Admin
Admin
Admin
Not Found: /home/
Not Found: /home
Not Found: /manager/
Not Found: /simpla/
Not Found: /js/mage/cookies.js
Not Found: /administrator/
Not Found: /charges/static/css/logo_icon.ico
Not Found: /User/static/css/logo_icon.ico
Not Found: /favicon.ico
None None None
A  
 M 
  MR
Not Found: /favicon.ico
Not Found: /favicon.ico
Not Found: /favicon.ico
Internal Server Error: /Addhouse/
Traceback (most recent call last):
  File "/home/alwammwb/virtualenv/billmanagementsystem/3.8/lib/python3.8/site-packages/django/core/handlers/exception.py", line 47, in inner
    response = get_response(request)
  File "/home/alwammwb/virtualenv/billmanagementsystem/3.8/lib/python3.8/site-packages/django/core/handlers/base.py", line 181, in _get_response
    response = wrapped_callback(request, *callback_args, **callback_kwargs)
  File "/home/alwammwb/virtualenv/billmanagementsystem/3.8/lib/python3.8/site-packages/django/views/generic/base.py", line 70, in view
    return self.dispatch(request, *args, **kwargs)
  File "/home/alwammwb/virtualenv/billmanagementsystem/3.8/lib/python3.8/site-packages/django/views/generic/base.py", line 98, in dispatch
    return handler(request, *args, **kwargs)
  File "/home/alwammwb/billmanagementsystem/Area/views.py", line 49, in get
    if request.user.role == 'Admin' or request.user.is_superuser:
  File "/home/alwammwb/virtualenv/billmanagementsystem/3.8/lib/python3.8/site-packages/django/utils/functional.py", line 247, in inner
    return func(self._wrapped, *args)
AttributeError: 'AnonymousUser' object has no attribute 'role'
1343
None None None
None None None
35
1343
2023-10-02 09:28:08.115725+00:00
Not Found: /User/static/css/logo_icon.ico
None None None
Admin
None None None
None None None
Not Found: /meters/static/css/logo_icon.ico
Not Found: /meters/static/css/logo_icon.ico
1
123123
2023-10-02 09:41:57.460868+00:00
1
123123
2023-10-02 09:42:03.859708+00:00
1
123123
2023-10-02 09:42:06.673453+00:00
1
123123
2023-10-02 09:42:16.333782+00:00
1
123123
2023-10-02 09:42:20.677821+00:00
1
123123
2023-10-02 09:42:20.903432+00:00
1
123123
2023-10-02 09:42:23.243064+00:00
33
55-2
2023-10-02 09:42:26.053289+00:00
34
35
1343
2023-10-02 09:42:26.058995+00:00
1
123123
2023-10-02 09:42:28.675907+00:00
1
123123
2023-10-02 09:42:28.914402+00:00
33
55-2
2023-10-02 09:42:38.836090+00:00
34
35
1343
2023-10-02 09:42:38.842301+00:00
33
55-2
2023-10-02 09:42:44.607237+00:00
34
35
1343
2023-10-02 09:42:44.611625+00:00
1
123123
2023-10-02 09:42:46.103101+00:00
33
55-2
2023-10-02 09:42:55.026795+00:00
34
35
1343
2023-10-02 09:42:55.030936+00:00
33
55-2
2023-10-02 09:43:20.566796+00:00
33
55-2
2023-10-02 09:43:23.071216+00:00
33
55-2
2023-10-02 09:43:26.536251+00:00
33
55-2
2023-10-02 09:43:26.757126+00:00
33
55-2
2023-10-02 09:43:34.602852+00:00
33
55-2
2023-10-02 09:43:34.814311+00:00
33
55-2
2023-10-02 09:44:53.350822+00:00
34
35
1343
2023-10-02 09:44:53.355899+00:00
65
1
123123
2023-10-02 09:47:14.355699+00:00
36
65
2023-10-02 09:47:14.359747+00:00
36
65
2023-10-02 09:47:28.192951+00:00
36
65
2023-10-02 09:47:28.418867+00:00
Forbidden (CSRF token missing or incorrect.): /User/login
Not Found: /favicon.ico
1
123123
2023-10-02 09:49:49.619996+00:00
36
65
2023-10-02 09:49:49.622476+00:00
36
65
2023-10-02 09:50:57.619358+00:00
36
65
2023-10-02 09:50:57.832227+00:00
Forbidden (CSRF token missing or incorrect.): /User/login
Forbidden (CSRF token missing or incorrect.): /User/login
Not Found: /User/static/css/logo_icon.ico
Not Found: /charges/static/css/logo_icon.ico
Admin
Not Found: /favicon.ico
Not Found: /favicon.ico
Invalid HTTP_HOST header: 'www.alwahabgarden.host'. You may need to add 'www.alwahabgarden.host' to ALLOWED_HOSTS.
Bad Request: /
OSError: LSAPI: Socket read/write error
Invalid HTTP_HOST header: 'www.alwahabgarden.host'. You may need to add 'www.alwahabgarden.host' to ALLOWED_HOSTS.
Bad Request: /
Invalid HTTP_HOST header: 'www.alwahabgarden.host'. You may need to add 'www.alwahabgarden.host' to ALLOWED_HOSTS.
Bad Request: /favicon.ico
Not Found: /robots.txt
Invalid HTTP_HOST header: 'www.alwahabgarden.host'. You may need to add 'www.alwahabgarden.host' to ALLOWED_HOSTS.
Bad Request: /
Invalid HTTP_HOST header: 'www.alwahabgarden.host'. You may need to add 'www.alwahabgarden.host' to ALLOWED_HOSTS.
Bad Request: /
Invalid HTTP_HOST header: 'www.alwahabgarden.host'. You may need to add 'www.alwahabgarden.host' to ALLOWED_HOSTS.
Bad Request: /
Not Found: /robots.txt
Not Found: /favicon.ico
Not Found: /User/../static/css/logo_icon.ico
Not Found: /User/../static/css/logo_icon.ico
Not Found: /User/../static/css/logo_icon.ico
Not Found: /User/../static/css/logo_icon.ico
Not Found: /.env
Invalid HTTP_HOST header: 'www.alwahabgarden.host'. You may need to add 'www.alwahabgarden.host' to ALLOWED_HOSTS.
Bad Request: /robots.txt
Not Found: /robots.txt
Invalid HTTP_HOST header: 'www.alwahabgarden.host'. You may need to add 'www.alwahabgarden.host' to ALLOWED_HOSTS.
Bad Request: /robots.txt
Not Found: /robots.txt
Invalid HTTP_HOST header: 'www.alwahabgarden.host'. You may need to add 'www.alwahabgarden.host' to ALLOWED_HOSTS.
Bad Request: /robots.txt
Invalid HTTP_HOST header: 'www.alwahabgarden.host'. You may need to add 'www.alwahabgarden.host' to ALLOWED_HOSTS.
Bad Request: /robots.txt
Not Found: /robots.txt
Not Found: /robots.txt
Invalid HTTP_HOST header: 'www.alwahabgarden.host'. You may need to add 'www.alwahabgarden.host' to ALLOWED_HOSTS.
Bad Request: /
Invalid HTTP_HOST header: 'www.alwahabgarden.host'. You may need to add 'www.alwahabgarden.host' to ALLOWED_HOSTS.
Bad Request: /
